[31-07-2020 16:54:10] TRACE - Get Settings: C:\Users\PC\Source\Repos\ceccuentos\DTE_ComparaArco\DTE_ComparaMac\bin\Debug\netcoreapp3.1\ArcoDTE_ComparaConfig.xml
[31-07-2020 16:54:19] ERROR - Could not find file 'C:\Users\PC\Source\Repos\ceccuentos\DTE_ComparaArco\DTE_ComparaMac\bin\Debug\netcoreapp3.1\ArcoDTE_ComparaConfig.xml'.
[31-07-2020 16:57:23] TRACE - Get Settings: C:\Users\PC\Source\Repos\ceccuentos\DTE_ComparaArco\DTE_ComparaMac\bin\Debug\netcoreapp3.1\ArcoDTE_ComparaConfig.xml
[31-07-2020 16:57:59] TRACE - Get Settings Successed
[31-07-2020 16:59:14] TRACE - Get Settings: C:\Users\PC\Source\Repos\ceccuentos\DTE_ComparaArco\DTE_ComparaMac\bin\Debug\netcoreapp3.1\ArcoDTE_ComparaConfig.xml
[31-07-2020 16:59:46] TRACE - Get Settings Successed
[31-07-2020 17:04:01] TRACE - Get Settings: C:\Users\PC\Source\Repos\ceccuentos\DTE_ComparaArco\DTE_ComparaMac\bin\Debug\netcoreapp3.1\ArcoDTE_ComparaConfig.xml
[31-07-2020 17:04:03] TRACE - Get Settings Successed
[31-07-2020 17:04:24] DEBUG - ======== Inicio Proceso ========
[31-07-2020 17:07:09] TRACE - Get Settings: C:\Users\PC\Source\Repos\ceccuentos\DTE_ComparaArco\DTE_ComparaMac\bin\Debug\netcoreapp3.1\ArcoDTE_ComparaConfig.xml
[31-07-2020 17:07:12] TRACE - Get Settings Successed
[31-07-2020 17:07:22] TRACE - Get Settings: C:\Users\PC\Source\Repos\ceccuentos\DTE_ComparaArco\DTE_ComparaMac\bin\Debug\netcoreapp3.1\ArcoDTE_ComparaConfig.xml
[31-07-2020 17:07:24] TRACE - Get Settings Successed
[31-07-2020 17:09:12] TRACE - Get Settings: C:\Users\PC\Source\Repos\ceccuentos\DTE_ComparaArco\DTE_ComparaMac\bin\Debug\netcoreapp3.1\ArcoDTE_ComparaConfig.xml
[31-07-2020 17:09:14] TRACE - Get Settings Successed
[31-07-2020 17:15:58] TRACE - Get Settings: C:\Users\PC\Source\Repos\ceccuentos\DTE_ComparaArco\DTE_ComparaMac\bin\Debug\netcoreapp3.1\ArcoDTE_ComparaConfig.xml
[31-07-2020 17:16:03] TRACE - Get Settings Successed
[31-07-2020 17:18:56] TRACE - Get Settings: C:\Users\PC\Source\Repos\ceccuentos\DTE_ComparaArco\DTE_ComparaMac\bin\Debug\netcoreapp3.1\ArcoDTE_ComparaConfig.xml
[31-07-2020 17:19:05] TRACE - Get Settings Successed
[31-07-2020 17:19:14] DEBUG - ======== Inicio Proceso ========
[31-07-2020 17:38:40] TRACE - Get Settings: C:\Users\PC\source\repos\ceccuentos\DTE_ComparaArco\DTE_ComparaMac\bin\Debug\netcoreapp3.1\ArcoDTE_ComparaConfig.xml
[31-07-2020 17:38:44] TRACE - Get Settings Successed
[31-07-2020 17:38:48] DEBUG - ======== Inicio Proceso ========
[31-07-2020 17:38:55] TRACE - Sociedad Amparo planilla Sigge encontrada periodo 2020-07 
[31-07-2020 17:38:55] TRACE - Llamando Web service Amparo
[31-07-2020 17:38:59] TRACE - Cargando 99 DTE's ...
[31-07-2020 17:39:06] TRACE - Llamada web service Amparo Exitosa
[31-07-2020 17:39:06] TRACE - Leyendo Excel C:\Users\PC\source\repos\ceccuentos\DTE_ComparaArco\DTE_ComparaMac\bin\Debug\netcoreapp3.1\Amparo__2020-07.xls
[31-07-2020 17:39:06] INFO - 97 Registros DTE obtenidos.  3 Sin DTE, 2 encontrados en WS Facele
[31-07-2020 17:39:06] WARNING - Sociedad Parque_Solar sin planilla Sigge periodo 2020-07
[31-07-2020 17:39:06] WARNING - Sociedad Nogal sin planilla Sigge periodo 2020-07
[31-07-2020 17:39:06] WARNING - Sociedad Joaquin sin planilla Sigge periodo 2020-07
[31-07-2020 17:39:06] WARNING - Sociedad Parsosy_Illapel sin planilla Sigge periodo 2020-07
[31-07-2020 17:39:06] WARNING - Sociedad Codornices sin planilla Sigge periodo 2020-07
[31-07-2020 17:39:06] TRACE - Sociedad Angela_Solar planilla Sigge encontrada periodo 2020-07 
[31-07-2020 17:39:06] TRACE - Llamando Web service Angela_Solar
[31-07-2020 17:39:07] TRACE - Cargando 98 DTE's ...
[31-07-2020 17:39:13] TRACE - Llamada web service Angela_Solar Exitosa
[31-07-2020 17:39:13] TRACE - Leyendo Excel C:\Users\PC\source\repos\ceccuentos\DTE_ComparaArco\DTE_ComparaMac\bin\Debug\netcoreapp3.1\Angela_Solar__2020-07.xls
[31-07-2020 17:39:13] INFO - 99 Registros DTE obtenidos.  1 Sin DTE, 0 encontrados en WS Facele
[31-07-2020 17:39:13] WARNING - Sociedad Perdices sin planilla Sigge periodo 2020-07
[31-07-2020 17:39:13] WARNING - Sociedad Maiten sin planilla Sigge periodo 2020-07
[31-07-2020 17:39:19] INFO - Email enviado con 4 registros informados
[31-07-2020 17:39:19] TRACE - ======== Fin Proceso ========
[31-07-2020 17:42:18] TRACE - Get Settings: C:\Users\PC\source\repos\ceccuentos\DTE_ComparaArco\DTE_ComparaMac\bin\Debug\netcoreapp3.1\ArcoDTE_ComparaConfig.xml
[31-07-2020 17:42:18] TRACE - Get Settings Successed
[31-07-2020 17:42:18] DEBUG - ======== Inicio Proceso ========
[31-07-2020 17:42:18] TRACE - Sociedad Amparo planilla Sigge encontrada periodo 2020-07 
[31-07-2020 17:42:18] TRACE - Llamando Web service Amparo
[31-07-2020 17:42:20] TRACE - Cargando 99 DTE's ...
[31-07-2020 17:42:34] TRACE - Llamada web service Amparo Exitosa
[31-07-2020 17:42:34] TRACE - Leyendo Excel C:\Users\PC\source\repos\ceccuentos\DTE_ComparaArco\DTE_ComparaMac\bin\Debug\netcoreapp3.1\Amparo__2020-07.xls
[31-07-2020 17:42:34] INFO - 97 Registros DTE obtenidos.  3 Sin DTE, 2 encontrados en WS Facele
[31-07-2020 17:42:34] WARNING - Sociedad Parque_Solar sin planilla Sigge periodo 2020-07
[31-07-2020 17:42:34] WARNING - Sociedad Nogal sin planilla Sigge periodo 2020-07
[31-07-2020 17:42:34] WARNING - Sociedad Joaquin sin planilla Sigge periodo 2020-07
[31-07-2020 17:42:34] WARNING - Sociedad Parsosy_Illapel sin planilla Sigge periodo 2020-07
[31-07-2020 17:42:34] WARNING - Sociedad Codornices sin planilla Sigge periodo 2020-07
[31-07-2020 17:42:34] TRACE - Sociedad Angela_Solar planilla Sigge encontrada periodo 2020-07 
[31-07-2020 17:42:34] TRACE - Llamando Web service Angela_Solar
[31-07-2020 17:42:37] TRACE - Cargando 98 DTE's ...
[31-07-2020 17:42:39] TRACE - Llamada web service Angela_Solar Exitosa
[31-07-2020 17:42:39] TRACE - Leyendo Excel C:\Users\PC\source\repos\ceccuentos\DTE_ComparaArco\DTE_ComparaMac\bin\Debug\netcoreapp3.1\Angela_Solar__2020-07.xls
[31-07-2020 17:42:39] INFO - 99 Registros DTE obtenidos.  1 Sin DTE, 0 encontrados en WS Facele
[31-07-2020 17:42:39] WARNING - Sociedad Perdices sin planilla Sigge periodo 2020-07
[31-07-2020 17:42:39] WARNING - Sociedad Maiten sin planilla Sigge periodo 2020-07
[31-07-2020 17:42:46] INFO - Email enviado con 4 registros informados
[31-07-2020 17:42:46] TRACE - ======== Fin Proceso ========
