[14-08-2020 0:50:41] TRACE - Get Settings: C:\Users\PC\Source\Repos\ceccuentos\DTE_ComparaArco\DTE_ComparaMac\bin\Debug\netcoreapp3.1\ArcoDTE_ComparaConfig.xml
[14-08-2020 0:51:17] TRACE - Get Settings: C:\Users\PC\Source\Repos\ceccuentos\DTE_ComparaArco\DTE_ComparaMac\bin\Debug\netcoreapp3.1\ArcoDTE_ComparaConfig.xml
[14-08-2020 0:51:17] TRACE - Get Settings Successed
[14-08-2020 0:51:23] DEBUG - ======== Inicio Proceso ========
[14-08-2020 0:52:22] ERROR - Value cannot be null. (Parameter 'path')
[14-08-2020 0:52:41] TRACE - Get Settings: C:\Users\PC\Source\Repos\ceccuentos\DTE_ComparaArco\DTE_ComparaMac\bin\Debug\netcoreapp3.1\ArcoDTE_ComparaConfig.xml
[14-08-2020 0:52:41] TRACE - Get Settings Successed
[14-08-2020 0:53:57] TRACE - Get Settings: C:\Users\PC\Source\Repos\ceccuentos\DTE_ComparaArco\DTE_ComparaMac\bin\Debug\netcoreapp3.1\ArcoDTE_ComparaConfig.xml
[14-08-2020 0:54:52] TRACE - Get Settings Successed
[14-08-2020 0:57:32] DEBUG - ======== Inicio Proceso ========
[14-08-2020 0:57:32] ERROR - Value cannot be null. (Parameter 'path')
[14-08-2020 0:57:43] TRACE - Get Settings: C:\Users\PC\Source\Repos\ceccuentos\DTE_ComparaArco\DTE_ComparaMac\bin\Debug\netcoreapp3.1\ArcoDTE_ComparaConfig.xml
[14-08-2020 0:57:43] TRACE - Get Settings Successed
[14-08-2020 0:57:45] DEBUG - ======== Inicio Proceso ========
[14-08-2020 1:05:20] TRACE - Get Settings: C:\Users\PC\Source\Repos\ceccuentos\DTE_ComparaArco\DTE_ComparaMac\bin\Debug\netcoreapp3.1\ArcoDTE_ComparaConfig.xml
[14-08-2020 1:05:20] TRACE - Get Settings Successed
[14-08-2020 1:05:22] DEBUG - ======== Inicio Proceso ========
[14-08-2020 1:19:18] TRACE - Sociedad sociedad[2] planilla Sigge encontrada periodo 2020-08 
[14-08-2020 1:21:54] TRACE - Get Settings: C:\Users\PC\Source\Repos\ceccuentos\DTE_ComparaArco\DTE_ComparaMac\bin\Debug\netcoreapp3.1\ArcoDTE_ComparaConfig.xml
[14-08-2020 1:21:54] TRACE - Get Settings Successed
[14-08-2020 1:21:55] DEBUG - ======== Inicio Proceso ========
[14-08-2020 1:23:22] TRACE - Sociedad sociedad[2] planilla Sigge encontrada periodo 2020-08 
[14-08-2020 1:23:59] TRACE - Sociedad sociedad[2] planilla Sigge encontrada periodo 2020-08 
[14-08-2020 1:24:05] TRACE - Sociedad sociedad[2] planilla Sigge encontrada periodo 2020-08 
[14-08-2020 1:43:06] TRACE - Get Settings: C:\Users\PC\Source\Repos\ceccuentos\DTE_ComparaArco\DTE_ComparaMac\bin\Debug\netcoreapp3.1\ArcoDTE_ComparaConfig.xml
[14-08-2020 1:43:06] TRACE - Get Settings Successed
[14-08-2020 1:43:06] DEBUG - ======== Inicio Proceso ========
[14-08-2020 1:45:31] TRACE - Sociedad sociedad[2] planilla Sigge encontrada periodo 2020-08 
[14-08-2020 1:46:00] TRACE - Sociedad sociedad[2] planilla Sigge encontrada periodo 2020-08 
[14-08-2020 1:46:15] TRACE - Sociedad sociedad[2] planilla Sigge encontrada periodo 2020-08 
[14-08-2020 1:46:35] TRACE - Sociedad sociedad[2] planilla Sigge encontrada periodo 2020-08 
[14-08-2020 1:46:35] TRACE - ======== Fin Proceso ========
[14-08-2020 1:46:50] TRACE - Get Settings: C:\Users\PC\Source\Repos\ceccuentos\DTE_ComparaArco\DTE_ComparaMac\bin\Debug\netcoreapp3.1\ArcoDTE_ComparaConfig.xml
[14-08-2020 1:46:50] TRACE - Get Settings Successed
[14-08-2020 1:46:50] DEBUG - ======== Inicio Proceso ========
[14-08-2020 1:47:07] TRACE - Sociedad sociedad[2] planilla Sigge encontrada periodo 2020-08 
[14-08-2020 1:47:17] TRACE - Sociedad sociedad[2] planilla Sigge encontrada periodo 2020-08 
[14-08-2020 1:47:22] TRACE - Sociedad sociedad[2] planilla Sigge encontrada periodo 2020-08 
[14-08-2020 11:45:06] TRACE - Get Settings: C:\Users\PC\Source\Repos\ceccuentos\DTE_ComparaArco\DTE_ComparaMac\bin\Debug\netcoreapp3.1\ArcoDTE_ComparaConfig.xml
[14-08-2020 11:45:06] TRACE - Get Settings Successed
[14-08-2020 11:45:06] DEBUG - ======== Inicio Proceso ========
[14-08-2020 12:17:26] TRACE - Get Settings: C:\Users\PC\Source\Repos\ceccuentos\DTE_ComparaArco\DTE_ComparaMac\bin\Debug\netcoreapp3.1\ArcoDTE_ComparaConfig.xml
[14-08-2020 12:17:27] TRACE - Get Settings Successed
[14-08-2020 12:17:27] DEBUG - ======== Inicio Proceso ========
[14-08-2020 13:27:40] TRACE - Get Settings: C:\Users\PC\Source\Repos\ceccuentos\DTE_ComparaArco\DTE_ComparaMac\bin\Debug\netcoreapp3.1\ArcoDTE_ComparaConfig.xml
[14-08-2020 13:27:40] TRACE - Get Settings Successed
[14-08-2020 13:27:40] DEBUG - ======== Inicio Proceso ========
[14-08-2020 13:34:39] TRACE - Get Settings: C:\Users\PC\Source\Repos\ceccuentos\DTE_ComparaArco\DTE_ComparaMac\bin\Debug\netcoreapp3.1\ArcoDTE_ComparaConfig.xml
[14-08-2020 13:34:39] TRACE - Get Settings Successed
[14-08-2020 13:34:39] DEBUG - ======== Inicio Proceso ========
[14-08-2020 14:18:23] TRACE - Get Settings: C:\Users\PC\Source\Repos\ceccuentos\DTE_ComparaArco\DTE_ComparaMac\bin\Debug\netcoreapp3.1\ArcoDTE_ComparaConfig.xml
[14-08-2020 14:18:24] TRACE - Get Settings Successed
[14-08-2020 14:18:24] DEBUG - ======== Inicio Proceso ========
[14-08-2020 14:22:40] ERROR - Delegate to an instance method cannot have null 'this'.
[14-08-2020 14:23:35] TRACE - Get Settings: C:\Users\PC\Source\Repos\ceccuentos\DTE_ComparaArco\DTE_ComparaMac\bin\Debug\netcoreapp3.1\ArcoDTE_ComparaConfig.xml
[14-08-2020 14:23:35] TRACE - Get Settings Successed
[14-08-2020 14:23:35] DEBUG - ======== Inicio Proceso ========
[14-08-2020 14:26:01] TRACE - Get Settings: C:\Users\PC\Source\Repos\ceccuentos\DTE_ComparaArco\DTE_ComparaMac\bin\Debug\netcoreapp3.1\ArcoDTE_ComparaConfig.xml
[14-08-2020 14:26:01] TRACE - Get Settings Successed
[14-08-2020 14:26:01] DEBUG - ======== Inicio Proceso ========
[14-08-2020 14:59:47] TRACE - Get Settings: C:\Users\PC\Source\Repos\ceccuentos\DTE_ComparaArco\DTE_ComparaMac\bin\Debug\netcoreapp3.1\ArcoDTE_ComparaConfig.xml
[14-08-2020 14:59:47] TRACE - Get Settings Successed
[14-08-2020 14:59:47] DEBUG - ======== Inicio Proceso ========
[14-08-2020 14:59:59] TRACE - Sociedad Amparo planilla Sigge encontrada periodo 2020-07 
[14-08-2020 15:03:57] TRACE - Get Settings: C:\Users\PC\Source\Repos\ceccuentos\DTE_ComparaArco\DTE_ComparaMac\bin\Debug\netcoreapp3.1\ArcoDTE_ComparaConfig.xml
[14-08-2020 15:03:57] TRACE - Get Settings Successed
[14-08-2020 15:03:57] DEBUG - ======== Inicio Proceso ========
[14-08-2020 15:04:04] TRACE - Sociedad Amparo planilla Sigge encontrada periodo 2020-07 
[14-08-2020 15:04:36] TRACE - Llamando Web service Amparo Periodo 2020-06
[14-08-2020 15:29:52] TRACE - Get Settings: C:\Users\PC\Source\Repos\ceccuentos\DTE_ComparaArco\DTE_ComparaMac\bin\Debug\netcoreapp3.1\ArcoDTE_ComparaConfig.xml
[14-08-2020 15:29:53] TRACE - Get Settings Successed
[14-08-2020 15:29:53] DEBUG - ======== Inicio Proceso ========
[14-08-2020 15:29:59] TRACE - Sociedad Amparo planilla Sigge encontrada periodo 2020-07 
[14-08-2020 15:30:15] TRACE - Llamando Web service Amparo Periodo 2020-06
[14-08-2020 15:31:33] TRACE - Cargando 215 DTE's ...
[14-08-2020 15:33:03] TRACE - Llamada web service Amparo Exitosa Periodo 2020-06
[14-08-2020 15:33:15] TRACE - Llamando Web service Amparo Periodo 2020-07
[14-08-2020 15:33:16] TRACE - Cargando 99 DTE's ...
[14-08-2020 15:33:27] TRACE - Llamada web service Amparo Exitosa Periodo 2020-07
[14-08-2020 15:33:30] TRACE - Llamando Web service Amparo Periodo 2020-08
[14-08-2020 15:33:31] TRACE - Cargando 0 DTE's ...
[14-08-2020 15:33:36] TRACE - Llamada web service Amparo Exitosa Periodo 2020-08
[14-08-2020 15:34:10] TRACE - Leyendo Excel C:\Users\PC\Desktop\xlsSigge\Amparo__2020-07.xls
[14-08-2020 15:35:07] INFO - 97 Registros DTE obtenidos.  3 Sin DTE, 2 encontrados en WS Facele
[14-08-2020 15:35:07] TRACE - Sociedad Angela_Solar planilla Sigge encontrada periodo 2020-07 
[14-08-2020 15:35:24] TRACE - Llamando Web service Angela_Solar Periodo 2020-06
[14-08-2020 15:35:26] TRACE - Cargando 107 DTE's ...
[14-08-2020 15:35:39] TRACE - Llamada web service Angela_Solar Exitosa Periodo 2020-06
[14-08-2020 15:35:45] TRACE - Llamando Web service Angela_Solar Periodo 2020-07
[14-08-2020 15:35:47] TRACE - Cargando 98 DTE's ...
[14-08-2020 15:35:55] TRACE - Llamada web service Angela_Solar Exitosa Periodo 2020-07
[14-08-2020 15:35:55] TRACE - Llamando Web service Angela_Solar Periodo 2020-08
[14-08-2020 15:35:55] TRACE - Cargando 0 DTE's ...
[14-08-2020 15:35:55] TRACE - Llamada web service Angela_Solar Exitosa Periodo 2020-08
[14-08-2020 15:35:55] TRACE - Leyendo Excel C:\Users\PC\Desktop\xlsSigge\Angela_Solar__2020-07.xls
[14-08-2020 15:35:55] INFO - 99 Registros DTE obtenidos.  1 Sin DTE, 0 encontrados en WS Facele
[14-08-2020 15:35:55] TRACE - Sociedad Codornices planilla Sigge encontrada periodo 2020-06 
[14-08-2020 15:36:01] TRACE - Llamando Web service Codornices Periodo 2020-05
[14-08-2020 15:36:02] TRACE - Cargando 42 DTE's ...
[14-08-2020 15:36:05] TRACE - Llamada web service Codornices Exitosa Periodo 2020-05
[14-08-2020 15:36:05] TRACE - Llamando Web service Codornices Periodo 2020-06
[14-08-2020 15:36:06] TRACE - Cargando 145 DTE's ...
[14-08-2020 15:36:15] TRACE - Llamada web service Codornices Exitosa Periodo 2020-06
[14-08-2020 15:36:15] TRACE - Llamando Web service Codornices Periodo 2020-07
[14-08-2020 15:36:16] TRACE - Cargando 97 DTE's ...
[14-08-2020 15:36:22] TRACE - Llamada web service Codornices Exitosa Periodo 2020-07
[14-08-2020 15:36:22] TRACE - Leyendo Excel C:\Users\PC\Desktop\xlsSigge\Codornices__2020-06.xls
[14-08-2020 15:36:23] INFO - 145 Registros DTE obtenidos.  107 Sin DTE, 110 encontrados en WS Facele
[14-08-2020 15:36:30] INFO - Email enviado con 111 registros informados
[14-08-2020 15:36:30] TRACE - ======== Fin Proceso ========
[14-08-2020 16:01:41] TRACE - Get Settings: C:\Users\PC\Source\Repos\ceccuentos\DTE_ComparaArco\DTE_ComparaMac\bin\Debug\netcoreapp3.1\ArcoDTE_ComparaConfig.xml
[14-08-2020 16:01:41] TRACE - Get Settings Successed
[14-08-2020 16:01:41] DEBUG - ======== Inicio Proceso ========
[14-08-2020 16:01:44] TRACE - Sociedad Amparo planilla Sigge encontrada periodo 2020-07 
[14-08-2020 16:01:48] TRACE - Llamando Web service Amparo Periodo 2020-06
[14-08-2020 16:01:50] TRACE - Cargando 215 DTE's ...
[14-08-2020 16:01:53] ERROR - Error al cargar p치gina (offset) 0
[14-08-2020 16:01:54] ERROR - Error al cargar p치gina (offset) 1
[14-08-2020 16:01:55] ERROR - Error al cargar p치gina (offset) 2
[14-08-2020 16:01:55] TRACE - Llamada web service Amparo Exitosa Periodo 2020-06
[14-08-2020 16:01:55] TRACE - Llamando Web service Amparo Periodo 2020-07
[14-08-2020 16:01:56] TRACE - Cargando 99 DTE's ...
[14-08-2020 16:02:02] TRACE - Llamada web service Amparo Exitosa Periodo 2020-07
[14-08-2020 16:02:02] TRACE - Llamando Web service Amparo Periodo 2020-08
[14-08-2020 16:02:02] TRACE - Cargando 0 DTE's ...
[14-08-2020 16:02:02] TRACE - Llamada web service Amparo Exitosa Periodo 2020-08
[14-08-2020 16:02:02] TRACE - Leyendo Excel C:\Users\PC\Desktop\xlsSigge\Amparo__2020-07.xls
[14-08-2020 16:02:03] INFO - 97 Registros DTE obtenidos.  3 Sin DTE, 2 encontrados en WS Facele
[14-08-2020 16:02:03] TRACE - Sociedad Angela_Solar planilla Sigge encontrada periodo 2020-07 
[14-08-2020 16:02:04] TRACE - Llamando Web service Angela_Solar Periodo 2020-06
[14-08-2020 16:02:05] TRACE - Cargando 107 DTE's ...
[14-08-2020 16:02:13] TRACE - Llamada web service Angela_Solar Exitosa Periodo 2020-06
[14-08-2020 16:02:13] TRACE - Llamando Web service Angela_Solar Periodo 2020-07
[14-08-2020 16:02:13] TRACE - Cargando 98 DTE's ...
[14-08-2020 16:02:14] ERROR - Error al cargar p치gina (offset) 0
[14-08-2020 16:02:14] TRACE - Llamada web service Angela_Solar Exitosa Periodo 2020-07
[14-08-2020 16:02:14] TRACE - Llamando Web service Angela_Solar Periodo 2020-08
[14-08-2020 16:02:15] TRACE - Cargando 0 DTE's ...
[14-08-2020 16:02:15] TRACE - Llamada web service Angela_Solar Exitosa Periodo 2020-08
[14-08-2020 16:02:15] TRACE - Leyendo Excel C:\Users\PC\Desktop\xlsSigge\Angela_Solar__2020-07.xls
[14-08-2020 16:02:15] INFO - 99 Registros DTE obtenidos.  1 Sin DTE, 0 encontrados en WS Facele
[14-08-2020 16:02:15] TRACE - Sociedad Codornices planilla Sigge encontrada periodo 2020-06 
[14-08-2020 16:02:19] TRACE - Llamando Web service Codornices Periodo 2020-05
[14-08-2020 16:02:20] TRACE - Cargando 42 DTE's ...
[14-08-2020 16:02:22] TRACE - Llamada web service Codornices Exitosa Periodo 2020-05
[14-08-2020 16:02:22] TRACE - Llamando Web service Codornices Periodo 2020-06
[14-08-2020 16:02:23] TRACE - Cargando 145 DTE's ...
[14-08-2020 16:02:31] TRACE - Llamada web service Codornices Exitosa Periodo 2020-06
[14-08-2020 16:02:31] TRACE - Llamando Web service Codornices Periodo 2020-07
[14-08-2020 16:02:32] TRACE - Cargando 97 DTE's ...
[14-08-2020 16:02:38] TRACE - Llamada web service Codornices Exitosa Periodo 2020-07
[14-08-2020 16:02:38] TRACE - Leyendo Excel C:\Users\PC\Desktop\xlsSigge\Codornices__2020-06.xls
[14-08-2020 16:02:38] INFO - 145 Registros DTE obtenidos.  107 Sin DTE, 108 encontrados en WS Facele
[14-08-2020 16:02:44] INFO - Email enviado con 111 registros informados
[14-08-2020 16:02:44] TRACE - ======== Fin Proceso ========
[14-08-2020 20:24:34] TRACE - Get Settings: C:\Users\PC\Source\Repos\ceccuentos\DTE_ComparaArco\DTE_ComparaMac\bin\Debug\netcoreapp3.1\ArcoDTE_ComparaConfig.xml
[14-08-2020 20:24:35] TRACE - Get Settings Successed
[14-08-2020 20:24:35] DEBUG - ======== Inicio Proceso ========
[14-08-2020 20:24:39] TRACE - Sociedad Amparo planilla Sigge encontrada periodo 2020-07 
[14-08-2020 20:24:42] TRACE - Llamando Web service Amparo Periodo 2020-06
[14-08-2020 20:24:47] TRACE - Cargando 215 DTE's ...
[14-08-2020 20:27:50] TRACE - Llamada web service Amparo Exitosa Periodo 2020-06
[14-08-2020 20:27:50] TRACE - Llamando Web service Amparo Periodo 2020-07
[14-08-2020 20:27:51] TRACE - Cargando 99 DTE's ...
[14-08-2020 20:28:25] TRACE - Llamada web service Amparo Exitosa Periodo 2020-07
[14-08-2020 20:28:25] TRACE - Llamando Web service Amparo Periodo 2020-08
[14-08-2020 20:28:26] TRACE - Cargando 0 DTE's ...
[14-08-2020 20:28:52] TRACE - Llamada web service Amparo Exitosa Periodo 2020-08
[14-08-2020 20:28:52] TRACE - Leyendo Excel C:\Users\PC\Desktop\xlsSigge\Amparo__2020-07.xls
[14-08-2020 20:28:53] INFO - 97 Registros DTE obtenidos.  3 Sin DTE, 2 encontrados en WS Facele
[14-08-2020 20:28:53] ERROR - Could not find a part of the path 'C:\Users\PC\Source\Repos\ceccuentos\DTE_ComparaArco\DTE_ComparaMac\bin\Debug\netcoreapp3.1\Amparo__2020-07.xls'.
[14-08-2020 20:30:37] TRACE - Get Settings: C:\Users\PC\Source\Repos\ceccuentos\DTE_ComparaArco\DTE_ComparaMac\bin\Debug\netcoreapp3.1\ArcoDTE_ComparaConfig.xml
[14-08-2020 20:30:38] TRACE - Get Settings Successed
[14-08-2020 20:30:38] DEBUG - ======== Inicio Proceso ========
[14-08-2020 20:30:59] TRACE - Sociedad Amparo planilla Sigge encontrada periodo 2020-07 
[14-08-2020 20:30:59] TRACE - Llamando Web service Amparo Periodo 2020-06
[14-08-2020 20:31:01] TRACE - Cargando 215 DTE's ...
[14-08-2020 20:31:39] TRACE - Llamada web service Amparo Exitosa Periodo 2020-06
[14-08-2020 20:31:39] TRACE - Llamando Web service Amparo Periodo 2020-07
[14-08-2020 20:31:40] TRACE - Cargando 99 DTE's ...
[14-08-2020 20:32:04] TRACE - Llamada web service Amparo Exitosa Periodo 2020-07
[14-08-2020 20:32:04] TRACE - Llamando Web service Amparo Periodo 2020-08
[14-08-2020 20:32:06] TRACE - Cargando 0 DTE's ...
[14-08-2020 20:32:11] TRACE - Llamada web service Amparo Exitosa Periodo 2020-08
[14-08-2020 20:32:12] TRACE - Leyendo Excel C:\Users\PC\Desktop\xlsSigge\Amparo__2020-07.xls
[14-08-2020 20:32:12] INFO - 97 Registros DTE obtenidos.  3 Sin DTE, 2 encontrados en WS Facele
[14-08-2020 20:33:32] ERROR - Could not find a part of the path 'C:\Users\PC\Source\Repos\ceccuentos\DTE_ComparaArco\DTE_ComparaMac\bin\Debug\netcoreapp3.1\Amparo__2020-07.xls'.
[14-08-2020 20:35:47] TRACE - Get Settings: C:\Users\PC\Source\Repos\ceccuentos\DTE_ComparaArco\DTE_ComparaMac\bin\Debug\netcoreapp3.1\ArcoDTE_ComparaConfig.xml
[14-08-2020 20:35:47] TRACE - Get Settings Successed
[14-08-2020 20:35:47] DEBUG - ======== Inicio Proceso ========
[14-08-2020 20:35:56] TRACE - Sociedad Amparo planilla Sigge encontrada periodo 2020-07 
[14-08-2020 20:35:56] TRACE - Llamando Web service Amparo Periodo 2020-06
[14-08-2020 20:35:58] TRACE - Cargando 215 DTE's ...
[14-08-2020 20:36:16] TRACE - Llamada web service Amparo Exitosa Periodo 2020-06
[14-08-2020 20:36:16] TRACE - Llamando Web service Amparo Periodo 2020-07
[14-08-2020 20:36:17] TRACE - Cargando 99 DTE's ...
[14-08-2020 20:36:23] TRACE - Llamada web service Amparo Exitosa Periodo 2020-07
[14-08-2020 20:36:23] TRACE - Llamando Web service Amparo Periodo 2020-08
[14-08-2020 20:36:24] TRACE - Cargando 0 DTE's ...
[14-08-2020 20:36:27] TRACE - Llamada web service Amparo Exitosa Periodo 2020-08
[14-08-2020 20:36:27] TRACE - Leyendo Excel C:\Users\PC\Desktop\xlsSigge\Amparo__2020-07.xls
[14-08-2020 20:36:27] INFO - 97 Registros DTE obtenidos.  3 Sin DTE, 2 encontrados en WS Facele
[14-08-2020 20:37:35] TRACE - Get Settings: C:\Users\PC\Source\Repos\ceccuentos\DTE_ComparaArco\DTE_ComparaMac\bin\Debug\netcoreapp3.1\ArcoDTE_ComparaConfig.xml
[14-08-2020 20:37:35] TRACE - Get Settings Successed
[14-08-2020 20:37:35] DEBUG - ======== Inicio Proceso ========
[14-08-2020 20:37:40] TRACE - Sociedad Amparo planilla Sigge encontrada periodo 2020-07 
[14-08-2020 20:37:40] TRACE - Llamando Web service Amparo Periodo 2020-06
[14-08-2020 20:37:42] TRACE - Cargando 215 DTE's ...
[14-08-2020 20:37:45] TRACE - Llamada web service Amparo Exitosa Periodo 2020-06
[14-08-2020 20:37:45] TRACE - Llamando Web service Amparo Periodo 2020-07
[14-08-2020 20:37:45] TRACE - Cargando 99 DTE's ...
[14-08-2020 20:37:46] TRACE - Llamada web service Amparo Exitosa Periodo 2020-07
[14-08-2020 20:37:46] TRACE - Llamando Web service Amparo Periodo 2020-08
[14-08-2020 20:37:46] TRACE - Cargando 0 DTE's ...
[14-08-2020 20:37:46] TRACE - Llamada web service Amparo Exitosa Periodo 2020-08
[14-08-2020 20:37:46] TRACE - Leyendo Excel C:\Users\PC\Desktop\xlsSigge\Amparo__2020-07.xls
[14-08-2020 20:37:46] INFO - 97 Registros DTE obtenidos.  3 Sin DTE, 2 encontrados en WS Facele
[14-08-2020 20:39:50] ERROR - Could not find a part of the path 'C:\Users\PC\Source\Repos\ceccuentos\DTE_ComparaArco\DTE_ComparaMac\bin\Debug\netcoreapp3.1\Amparo__2020-07.xls'.
[14-08-2020 20:40:15] TRACE - Get Settings: C:\Users\PC\Source\Repos\ceccuentos\DTE_ComparaArco\DTE_ComparaMac\bin\Debug\netcoreapp3.1\ArcoDTE_ComparaConfig.xml
[14-08-2020 20:40:16] TRACE - Get Settings Successed
[14-08-2020 20:40:16] DEBUG - ======== Inicio Proceso ========
[14-08-2020 20:40:46] TRACE - Sociedad Amparo planilla Sigge encontrada periodo 2020-07 
[14-08-2020 20:40:46] TRACE - Llamando Web service Amparo Periodo 2020-06
[14-08-2020 20:40:48] TRACE - Cargando 215 DTE's ...
[14-08-2020 20:40:51] TRACE - Llamada web service Amparo Exitosa Periodo 2020-06
[14-08-2020 20:40:51] TRACE - Llamando Web service Amparo Periodo 2020-07
[14-08-2020 20:40:51] TRACE - Cargando 99 DTE's ...
[14-08-2020 20:40:52] TRACE - Llamada web service Amparo Exitosa Periodo 2020-07
[14-08-2020 20:40:52] TRACE - Llamando Web service Amparo Periodo 2020-08
[14-08-2020 20:40:53] TRACE - Cargando 0 DTE's ...
[14-08-2020 20:40:53] TRACE - Llamada web service Amparo Exitosa Periodo 2020-08
[14-08-2020 20:40:53] TRACE - Leyendo Excel C:\Users\PC\Desktop\xlsSigge\Amparo__2020-07.xls
[14-08-2020 20:40:53] INFO - 97 Registros DTE obtenidos.  3 Sin DTE, 2 encontrados en WS Facele
[14-08-2020 23:08:32] TRACE - Get Settings: C:\Users\PC\Source\Repos\ceccuentos\DTE_ComparaArco\DTE_ComparaMac\bin\Debug\netcoreapp3.1\ArcoDTE_ComparaConfig.xml
[14-08-2020 23:08:32] TRACE - Get Settings Successed
[14-08-2020 23:08:32] DEBUG - ======== Inicio Proceso ========
[14-08-2020 23:08:35] TRACE - Sociedad Amparo planilla Sigge encontrada periodo 2020-07 
[14-08-2020 23:08:35] TRACE - Llamando Web service Amparo Periodo 2020-06
[14-08-2020 23:08:37] TRACE - Cargando 215 DTE's ...
[14-08-2020 23:08:50] TRACE - Llamada web service Amparo Exitosa Periodo 2020-06
[14-08-2020 23:08:50] TRACE - Llamando Web service Amparo Periodo 2020-07
[14-08-2020 23:08:51] TRACE - Cargando 99 DTE's ...
[14-08-2020 23:08:57] TRACE - Llamada web service Amparo Exitosa Periodo 2020-07
[14-08-2020 23:08:57] TRACE - Llamando Web service Amparo Periodo 2020-08
[14-08-2020 23:08:57] TRACE - Cargando 0 DTE's ...
[14-08-2020 23:08:57] TRACE - Llamada web service Amparo Exitosa Periodo 2020-08
[14-08-2020 23:08:57] TRACE - Leyendo Excel C:\Users\PC\Desktop\xlsSigge\Amparo__2020-07.xls
[14-08-2020 23:08:57] INFO - 97 Registros DTE obtenidos.  3 Sin DTE, 2 encontrados en WS Facele
[14-08-2020 23:09:08] TRACE - Sociedad Angela_Solar planilla Sigge encontrada periodo 2020-07 
[14-08-2020 23:09:08] TRACE - Llamando Web service Angela_Solar Periodo 2020-06
[14-08-2020 23:09:10] TRACE - Cargando 107 DTE's ...
[14-08-2020 23:09:17] TRACE - Llamada web service Angela_Solar Exitosa Periodo 2020-06
[14-08-2020 23:09:17] TRACE - Llamando Web service Angela_Solar Periodo 2020-07
[14-08-2020 23:09:18] TRACE - Cargando 98 DTE's ...
[14-08-2020 23:09:23] TRACE - Llamada web service Angela_Solar Exitosa Periodo 2020-07
[14-08-2020 23:09:23] TRACE - Llamando Web service Angela_Solar Periodo 2020-08
[14-08-2020 23:09:24] TRACE - Cargando 0 DTE's ...
[14-08-2020 23:09:24] TRACE - Llamada web service Angela_Solar Exitosa Periodo 2020-08
[14-08-2020 23:09:24] TRACE - Leyendo Excel C:\Users\PC\Desktop\xlsSigge\Angela_Solar__2020-07.xls
[14-08-2020 23:09:24] INFO - 99 Registros DTE obtenidos.  1 Sin DTE, 0 encontrados en WS Facele
[14-08-2020 23:10:08] TRACE - Sociedad Codornices planilla Sigge encontrada periodo 2020-06 
[14-08-2020 23:10:08] TRACE - Llamando Web service Codornices Periodo 2020-05
[14-08-2020 23:10:09] TRACE - Cargando 42 DTE's ...
[14-08-2020 23:10:12] TRACE - Llamada web service Codornices Exitosa Periodo 2020-05
[14-08-2020 23:10:12] TRACE - Llamando Web service Codornices Periodo 2020-06
[14-08-2020 23:10:12] TRACE - Cargando 145 DTE's ...
[14-08-2020 23:10:21] TRACE - Llamada web service Codornices Exitosa Periodo 2020-06
[14-08-2020 23:10:21] TRACE - Llamando Web service Codornices Periodo 2020-07
[14-08-2020 23:10:21] TRACE - Cargando 97 DTE's ...
[14-08-2020 23:10:27] TRACE - Llamada web service Codornices Exitosa Periodo 2020-07
[14-08-2020 23:10:27] TRACE - Leyendo Excel C:\Users\PC\Desktop\xlsSigge\Codornices__2020-06.xls
[14-08-2020 23:10:27] INFO - 145 Registros DTE obtenidos.  107 Sin DTE, 110 encontrados en WS Facele
[14-08-2020 23:10:42] INFO - Email enviado con 111 registros informados
[14-08-2020 23:10:42] TRACE - ======== Fin Proceso ========
