[05-08-2020 22:16:41] TRACE - Get Settings: C:\Users\PC\Source\Repos\ceccuentos\DTE_ComparaArco\DTE_ComparaMac\bin\Debug\netcoreapp3.1\ArcoDTE_ComparaConfig.xml
[05-08-2020 22:17:12] TRACE - Get Settings Successed
[05-08-2020 22:17:12] DEBUG - ======== Inicio Proceso ========
[05-08-2020 22:17:12] WARNING - Sociedad Amparo sin planilla Sigge periodo 2020-08
[05-08-2020 22:17:12] WARNING - Sociedad Parque_Solar sin planilla Sigge periodo 2020-08
[05-08-2020 22:17:12] WARNING - Sociedad Nogal sin planilla Sigge periodo 2020-08
[05-08-2020 22:17:12] WARNING - Sociedad Joaquin sin planilla Sigge periodo 2020-08
[05-08-2020 22:17:12] WARNING - Sociedad Parsosy_Illapel sin planilla Sigge periodo 2020-08
[05-08-2020 22:17:12] WARNING - Sociedad Codornices sin planilla Sigge periodo 2020-08
[05-08-2020 22:17:12] WARNING - Sociedad Angela_Solar sin planilla Sigge periodo 2020-08
[05-08-2020 22:17:12] WARNING - Sociedad Perdices sin planilla Sigge periodo 2020-08
[05-08-2020 22:17:12] WARNING - Sociedad Maiten sin planilla Sigge periodo 2020-08
[05-08-2020 22:17:12] TRACE - ======== Fin Proceso ========
[05-08-2020 22:18:12] TRACE - Get Settings: C:\Users\PC\Source\Repos\ceccuentos\DTE_ComparaArco\DTE_ComparaMac\bin\Debug\netcoreapp3.1\ArcoDTE_ComparaConfig.xml
[05-08-2020 22:18:17] TRACE - Get Settings Successed
[05-08-2020 22:18:17] DEBUG - ======== Inicio Proceso ========
[05-08-2020 22:18:17] WARNING - Sociedad Amparo sin planilla Sigge periodo 2020-08
[05-08-2020 22:18:17] WARNING - Sociedad Parque_Solar sin planilla Sigge periodo 2020-08
[05-08-2020 22:18:17] WARNING - Sociedad Nogal sin planilla Sigge periodo 2020-08
[05-08-2020 22:18:17] WARNING - Sociedad Joaquin sin planilla Sigge periodo 2020-08
[05-08-2020 22:18:17] WARNING - Sociedad Parsosy_Illapel sin planilla Sigge periodo 2020-08
[05-08-2020 22:18:17] WARNING - Sociedad Codornices sin planilla Sigge periodo 2020-08
[05-08-2020 22:18:17] WARNING - Sociedad Angela_Solar sin planilla Sigge periodo 2020-08
[05-08-2020 22:18:17] WARNING - Sociedad Perdices sin planilla Sigge periodo 2020-08
[05-08-2020 22:18:17] WARNING - Sociedad Maiten sin planilla Sigge periodo 2020-08
[05-08-2020 22:18:17] TRACE - ======== Fin Proceso ========
[05-08-2020 22:35:26] TRACE - Get Settings: C:\Users\PC\source\repos\ceccuentos\DTE_ComparaArco\DTE_ComparaMac\bin\Debug\netcoreapp3.1\ArcoDTE_ComparaConfig.xml
[05-08-2020 22:35:26] TRACE - Get Settings Successed
[05-08-2020 22:35:27] DEBUG - ======== Inicio Proceso ========
[05-08-2020 22:36:09] WARNING - Sociedad Amparo sin planilla Sigge periodo 2020-08
[05-08-2020 22:36:09] WARNING - Sociedad Parque_Solar sin planilla Sigge periodo 2020-08
[05-08-2020 22:36:09] WARNING - Sociedad Nogal sin planilla Sigge periodo 2020-08
[05-08-2020 22:36:09] WARNING - Sociedad Joaquin sin planilla Sigge periodo 2020-08
[05-08-2020 22:36:09] WARNING - Sociedad Parsosy_Illapel sin planilla Sigge periodo 2020-08
[05-08-2020 22:36:09] WARNING - Sociedad Codornices sin planilla Sigge periodo 2020-08
[05-08-2020 22:36:09] WARNING - Sociedad Angela_Solar sin planilla Sigge periodo 2020-08
[05-08-2020 22:36:09] WARNING - Sociedad Perdices sin planilla Sigge periodo 2020-08
[05-08-2020 22:36:09] WARNING - Sociedad Maiten sin planilla Sigge periodo 2020-08
[05-08-2020 22:36:09] TRACE - ======== Fin Proceso ========
[05-08-2020 23:00:22] TRACE - Get Settings: C:\Users\PC\source\repos\ceccuentos\DTE_ComparaArco\DTE_ComparaMac\bin\Debug\netcoreapp3.1\ArcoDTE_ComparaConfig.xml
[05-08-2020 23:00:22] TRACE - Get Settings Successed
[05-08-2020 23:00:22] DEBUG - ======== Inicio Proceso ========
[05-08-2020 23:00:22] WARNING - Sociedad Amparo sin planilla Sigge periodo 2020-08
[05-08-2020 23:00:22] WARNING - Sociedad Parque_Solar sin planilla Sigge periodo 2020-08
[05-08-2020 23:00:22] WARNING - Sociedad Nogal sin planilla Sigge periodo 2020-08
[05-08-2020 23:00:22] WARNING - Sociedad Joaquin sin planilla Sigge periodo 2020-08
[05-08-2020 23:00:22] WARNING - Sociedad Parsosy_Illapel sin planilla Sigge periodo 2020-08
[05-08-2020 23:00:22] WARNING - Sociedad Codornices sin planilla Sigge periodo 2020-08
[05-08-2020 23:00:22] WARNING - Sociedad Angela_Solar sin planilla Sigge periodo 2020-08
[05-08-2020 23:00:22] WARNING - Sociedad Perdices sin planilla Sigge periodo 2020-08
[05-08-2020 23:00:22] WARNING - Sociedad Maiten sin planilla Sigge periodo 2020-08
[05-08-2020 23:00:22] TRACE - ======== Fin Proceso ========
[05-08-2020 23:03:06] TRACE - Get Settings: C:\Users\PC\source\repos\ceccuentos\DTE_ComparaArco\DTE_ComparaMac\bin\Debug\netcoreapp3.1\ArcoDTE_ComparaConfig.xml
[05-08-2020 23:03:06] TRACE - Get Settings Successed
[05-08-2020 23:03:06] DEBUG - ======== Inicio Proceso ========
[05-08-2020 23:03:06] WARNING - Sociedad Amparo sin planilla Sigge periodo 2020-08
[05-08-2020 23:03:06] WARNING - Sociedad Parque_Solar sin planilla Sigge periodo 2020-08
[05-08-2020 23:03:06] WARNING - Sociedad Nogal sin planilla Sigge periodo 2020-08
[05-08-2020 23:03:06] WARNING - Sociedad Joaquin sin planilla Sigge periodo 2020-08
[05-08-2020 23:03:06] WARNING - Sociedad Parsosy_Illapel sin planilla Sigge periodo 2020-08
[05-08-2020 23:03:06] WARNING - Sociedad Codornices sin planilla Sigge periodo 2020-08
[05-08-2020 23:03:06] WARNING - Sociedad Angela_Solar sin planilla Sigge periodo 2020-08
[05-08-2020 23:03:06] WARNING - Sociedad Perdices sin planilla Sigge periodo 2020-08
[05-08-2020 23:03:06] WARNING - Sociedad Maiten sin planilla Sigge periodo 2020-08
[05-08-2020 23:03:06] TRACE - ======== Fin Proceso ========
