[29-07-2020 22:37:24] TRACE - Get Settings: C:\Users\PC\source\repos\ceccuentos\DTE_ComparaArco\DTE_ComparaMac\bin\Debug\netcoreapp3.1\ArcoDTE_ComparaConfig.xml
[29-07-2020 22:37:24] TRACE - Get Settings Successed
[29-07-2020 22:37:25] DEBUG - ======== Inicio Proceso ========
[29-07-2020 22:37:37] TRACE - Sociedad Amparo planilla Sigge encontrada periodo 2020-07 
[29-07-2020 22:37:38] TRACE - Llamando Web service Amparo
[29-07-2020 22:37:43] TRACE - Cargando 99 DTE's ...
[29-07-2020 22:37:48] TRACE - Llamada web service Amparo Exitosa
[29-07-2020 22:37:48] TRACE - Leyendo Excel C:\Users\PC\Desktop\xlsSigge\Amparo__2020-07.xls
[29-07-2020 22:37:49] INFO - 97 Registros DTE obtenidos.  3 Sin DTE, 2 encontrados en WS Facele
[29-07-2020 22:37:49] WARNING - Sociedad Parque_Solar sin planilla Sigge periodo 2020-07
[29-07-2020 22:37:49] WARNING - Sociedad Nogal sin planilla Sigge periodo 2020-07
[29-07-2020 22:37:49] WARNING - Sociedad Joaquin sin planilla Sigge periodo 2020-07
[29-07-2020 22:37:49] WARNING - Sociedad Parsosy_Illapel sin planilla Sigge periodo 2020-07
[29-07-2020 22:37:49] WARNING - Sociedad Codornices sin planilla Sigge periodo 2020-07
[29-07-2020 22:37:49] TRACE - Sociedad Angela_Solar planilla Sigge encontrada periodo 2020-07 
[29-07-2020 22:37:49] TRACE - Llamando Web service Angela_Solar
[29-07-2020 22:37:49] TRACE - Cargando 98 DTE's ...
[29-07-2020 22:37:55] TRACE - Llamada web service Angela_Solar Exitosa
[29-07-2020 22:37:55] TRACE - Leyendo Excel C:\Users\PC\Desktop\xlsSigge\Angela_Solar__2020-07.xls
[29-07-2020 22:37:55] INFO - 99 Registros DTE obtenidos.  1 Sin DTE, 0 encontrados en WS Facele
[29-07-2020 22:37:55] WARNING - Sociedad Perdices sin planilla Sigge periodo 2020-07
[29-07-2020 22:37:55] WARNING - Sociedad Maiten sin planilla Sigge periodo 2020-07
[29-07-2020 22:38:00] INFO - Email enviado con 4 registros informados
[29-07-2020 22:38:00] TRACE - ======== Fin Proceso ========
[29-07-2020 22:59:13] TRACE - Get Settings: C:\Users\PC\source\repos\ceccuentos\DTE_ComparaArco\DTE_ComparaMac\bin\Debug\netcoreapp3.1\ArcoDTE_ComparaConfig.xml
[29-07-2020 22:59:13] TRACE - Get Settings Successed
[29-07-2020 22:59:13] DEBUG - ======== Inicio Proceso ========
[29-07-2020 22:59:13] TRACE - Sociedad Amparo planilla Sigge encontrada periodo 2020-07 
[29-07-2020 22:59:13] TRACE - Llamando Web service Amparo
[29-07-2020 22:59:15] TRACE - Cargando 99 DTE's ...
[29-07-2020 22:59:21] TRACE - Llamada web service Amparo Exitosa
[29-07-2020 22:59:21] TRACE - Leyendo Excel C:\Users\PC\Desktop\xlsSigge\Amparo__2020-07.xls
[29-07-2020 22:59:21] INFO - 97 Registros DTE obtenidos.  3 Sin DTE, 2 encontrados en WS Facele
[29-07-2020 22:59:21] WARNING - Sociedad Parque_Solar sin planilla Sigge periodo 2020-07
[29-07-2020 22:59:21] WARNING - Sociedad Nogal sin planilla Sigge periodo 2020-07
[29-07-2020 22:59:21] WARNING - Sociedad Joaquin sin planilla Sigge periodo 2020-07
[29-07-2020 22:59:21] WARNING - Sociedad Parsosy_Illapel sin planilla Sigge periodo 2020-07
[29-07-2020 22:59:21] WARNING - Sociedad Codornices sin planilla Sigge periodo 2020-07
[29-07-2020 22:59:21] TRACE - Sociedad Angela_Solar planilla Sigge encontrada periodo 2020-07 
[29-07-2020 22:59:21] TRACE - Llamando Web service Angela_Solar
[29-07-2020 22:59:22] TRACE - Cargando 98 DTE's ...
[29-07-2020 22:59:30] TRACE - Llamada web service Angela_Solar Exitosa
[29-07-2020 22:59:30] TRACE - Leyendo Excel C:\Users\PC\Desktop\xlsSigge\Angela_Solar__2020-07.xls
[29-07-2020 22:59:30] INFO - 99 Registros DTE obtenidos.  1 Sin DTE, 0 encontrados en WS Facele
[29-07-2020 22:59:30] WARNING - Sociedad Perdices sin planilla Sigge periodo 2020-07
[29-07-2020 22:59:30] WARNING - Sociedad Maiten sin planilla Sigge periodo 2020-07
[29-07-2020 22:59:34] INFO - Email enviado con 4 registros informados
[29-07-2020 22:59:34] TRACE - ======== Fin Proceso ========
