[15-08-2020 20:05:14] TRACE - Get Settings: C:\Users\PC\Source\Repos\ceccuentos\DTE_ComparaArco\DTE_ComparaMac\bin\Debug\netcoreapp3.1\ArcoDTE_ComparaConfigzzz.xml
[15-08-2020 20:05:22] ERROR - No existe archivo de configuración.C:\Users\PC\Source\Repos\ceccuentos\DTE_ComparaArco\DTE_ComparaMac\bin\Debug\netcoreapp3.1\ArcoDTE_ComparaConfigzzz.xml
[15-08-2020 20:05:30] ERROR - No existe archivo de configuración (Parameter 'C:\Users\PC\Source\Repos\ceccuentos\DTE_ComparaArco\DTE_ComparaMac\bin\Debug\netcoreapp3.1\ArcoDTE_ComparaConfigzzz.xml')
[15-08-2020 20:23:16] TRACE - Get Settings: C:\Users\PC\Source\Repos\ceccuentos\DTE_ComparaArco\DTE_ComparaMac\bin\Debug\netcoreapp3.1\ArcoDTE_ComparaConfig.xml
[15-08-2020 20:24:42] TRACE - Get Settings Successed
[15-08-2020 20:24:42] DEBUG - ======== Inicio Proceso ========
[15-08-2020 20:24:42] TRACE - 3 archivos Excel encontrados... 
[15-08-2020 20:24:42] TRACE - Sociedad Amparo planilla Sigge encontrada periodo 2020-07 
[15-08-2020 20:24:42] TRACE - Llamando Web service Amparo Periodo 2020-06
[15-08-2020 20:24:52] ERROR - Error al obtener DTE's en Amparo para periodo 2020-08 The SSL connection could not be established, see inner exception. Authentication failed, see inner exception.
[15-08-2020 20:24:52] TRACE - Llamando Web service Amparo Periodo 2020-07
[15-08-2020 20:25:06] ERROR - Error al obtener DTE's en Amparo para periodo 2020-08 The SSL connection could not be established, see inner exception. Authentication failed, see inner exception.
[15-08-2020 20:25:06] TRACE - Llamando Web service Amparo Periodo 2020-08
[15-08-2020 20:25:08] ERROR - Error al obtener DTE's en Amparo para periodo 2020-08 The SSL connection could not be established, see inner exception. Authentication failed, see inner exception.
[15-08-2020 20:25:08] TRACE - Leyendo Excel C:\Users\PC\Desktop\xlsSigge\Amparo__2020-07.xls
[15-08-2020 20:25:09] INFO - 97 Registros DTE obtenidos.  3 Sin DTE, 0 encontrados en WS Facele
[15-08-2020 20:25:33] TRACE - Moviendo archivo a directorio procesados: Amparo__2020-07.xls  
[15-08-2020 20:25:33] ERROR - No se puede crear un archivo que ya existe.
[15-08-2020 20:25:41] TRACE - Get Settings: C:\Users\PC\Source\Repos\ceccuentos\DTE_ComparaArco\DTE_ComparaMac\bin\Debug\netcoreapp3.1\ArcoDTE_ComparaConfig.xml
[15-08-2020 20:25:44] TRACE - Get Settings Successed
[15-08-2020 20:25:44] DEBUG - ======== Inicio Proceso ========
[15-08-2020 20:25:44] TRACE - 3 archivos Excel encontrados... 
[15-08-2020 20:25:44] TRACE - Sociedad Amparo planilla Sigge encontrada periodo 2020-07 
[15-08-2020 20:25:44] TRACE - Llamando Web service Amparo Periodo 2020-06
[15-08-2020 20:26:10] ERROR - Error al obtener DTE's en Amparo para periodo 2020-08 The SSL connection could not be established, see inner exception. Authentication failed, see inner exception.
[15-08-2020 20:26:10] TRACE - Llamando Web service Amparo Periodo 2020-07
[15-08-2020 20:26:13] ERROR - Error al obtener DTE's en Amparo para periodo 2020-08 The SSL connection could not be established, see inner exception. Authentication failed, see inner exception.
[15-08-2020 20:26:13] TRACE - Llamando Web service Amparo Periodo 2020-08
[15-08-2020 20:26:21] ERROR - Error al obtener DTE's en Amparo para periodo 2020-08 The SSL connection could not be established, see inner exception. Authentication failed, see inner exception.
[15-08-2020 20:26:21] TRACE - Leyendo Excel C:\Users\PC\Desktop\xlsSigge\Amparo__2020-07.xls
[15-08-2020 20:26:21] INFO - 97 Registros DTE obtenidos.  3 Sin DTE, 0 encontrados en WS Facele
[15-08-2020 20:26:35] TRACE - Moviendo archivo a directorio procesados: Amparo__2020-07.xls  
[15-08-2020 20:26:35] ERROR - No se puede crear un archivo que ya existe.
[15-08-2020 20:29:52] TRACE - Get Settings: C:\Users\PC\Source\Repos\ceccuentos\DTE_ComparaArco\DTE_ComparaMac\bin\Debug\netcoreapp3.1\ArcoDTE_ComparaConfig.xml
[15-08-2020 20:29:55] TRACE - Get Settings Successed
[15-08-2020 20:29:55] DEBUG - ======== Inicio Proceso ========
[15-08-2020 20:29:55] TRACE - 3 archivos Excel encontrados... 
[15-08-2020 20:29:55] TRACE - Sociedad Amparo planilla Sigge encontrada periodo 2020-07 
[15-08-2020 20:29:55] TRACE - Llamando Web service Amparo Periodo 2020-06
[15-08-2020 20:30:02] ERROR - Error al obtener DTE's en Amparo para periodo 2020-08 The SSL connection could not be established, see inner exception. Authentication failed, see inner exception.
[15-08-2020 20:30:02] TRACE - Llamando Web service Amparo Periodo 2020-07
[15-08-2020 20:35:58] TRACE - Get Settings: C:\Users\PC\Source\Repos\ceccuentos\DTE_ComparaArco\DTE_ComparaMac\bin\Debug\netcoreapp3.1\ArcoDTE_ComparaConfig.xml
[15-08-2020 20:36:01] TRACE - Get Settings Successed
[15-08-2020 20:36:01] DEBUG - ======== Inicio Proceso ========
[15-08-2020 20:36:01] TRACE - 3 archivos Excel encontrados... 
[15-08-2020 20:36:01] TRACE - Sociedad Amparo planilla Sigge encontrada periodo 2020-07 
[15-08-2020 20:36:01] TRACE - Llamando Web service Amparo Periodo 2020-06
[15-08-2020 20:36:15] TRACE - Cargando 215 DTE's ...
[15-08-2020 20:36:51] TRACE - Llamada web service Amparo Exitosa Periodo 2020-06
[15-08-2020 20:36:51] TRACE - Llamando Web service Amparo Periodo 2020-07
[15-08-2020 20:36:59] TRACE - Cargando 99 DTE's ...
[15-08-2020 20:37:08] TRACE - Llamada web service Amparo Exitosa Periodo 2020-07
[15-08-2020 20:37:08] TRACE - Llamando Web service Amparo Periodo 2020-08
[15-08-2020 20:37:26] TRACE - Cargando 0 DTE's ...
[15-08-2020 20:37:26] TRACE - Llamada web service Amparo Exitosa Periodo 2020-08
[15-08-2020 20:37:26] TRACE - Leyendo Excel C:\Users\PC\Desktop\xlsSigge\Amparo__2020-07.xls
[15-08-2020 20:37:26] INFO - 97 Registros DTE obtenidos.  3 Sin DTE, 2 encontrados en WS Facele
[15-08-2020 20:37:28] TRACE - Moviendo archivo a directorio procesados: Amparo__2020-07.xls  
[15-08-2020 20:37:28] TRACE - Sociedad Angela_Solar planilla Sigge encontrada periodo 2020-07 
[15-08-2020 20:37:28] TRACE - Llamando Web service Angela_Solar Periodo 2020-06
[15-08-2020 20:37:31] TRACE - Cargando 107 DTE's ...
[15-08-2020 20:37:44] TRACE - Llamada web service Angela_Solar Exitosa Periodo 2020-06
[15-08-2020 20:37:44] TRACE - Llamando Web service Angela_Solar Periodo 2020-07
[15-08-2020 20:37:48] TRACE - Cargando 98 DTE's ...
[15-08-2020 20:38:03] TRACE - Llamada web service Angela_Solar Exitosa Periodo 2020-07
[15-08-2020 20:38:03] TRACE - Llamando Web service Angela_Solar Periodo 2020-08
[15-08-2020 20:38:06] TRACE - Cargando 0 DTE's ...
[15-08-2020 20:38:06] TRACE - Llamada web service Angela_Solar Exitosa Periodo 2020-08
[15-08-2020 20:38:06] TRACE - Leyendo Excel C:\Users\PC\Desktop\xlsSigge\Angela_Solar__2020-07.xls
[15-08-2020 20:38:06] INFO - 99 Registros DTE obtenidos.  1 Sin DTE, 0 encontrados en WS Facele
[15-08-2020 20:38:18] TRACE - Moviendo archivo a directorio procesados: Angela_Solar__2020-07.xls  
[15-08-2020 20:38:18] INFO - Archivo Excel xCodornices__2020-06 - copia (2).xls fue ignorado (no clumple reglas)
[15-08-2020 20:38:23] INFO - Email enviado con 4 registros informados
[15-08-2020 20:38:23] TRACE - ======== Fin Proceso ========
[15-08-2020 21:01:03] DEBUG - ======== Inicio Proceso ========
[15-08-2020 21:01:03] TRACE - Get Settings: C:\Users\PC\Source\Repos\ceccuentos\DTE_ComparaArco\DTE_ComparaMac\bin\Debug\netcoreapp3.1\ArcoDTE_ComparaConfig.xml
[15-08-2020 21:01:16] TRACE - Get Settings Successed
[15-08-2020 21:01:16] TRACE - 1 archivos Excel encontrados... 
[15-08-2020 21:01:16] INFO - Archivo Excel xCodornices__2020-06 - copia (2).xls fue ignorado (no clumple reglas)
[15-08-2020 21:01:16] TRACE - ======== Fin Proceso ========
[15-08-2020 21:09:39] DEBUG - ======== Inicio Proceso ========
[15-08-2020 21:09:39] TRACE - Get Settings: C:\Users\PC\Source\Repos\ceccuentos\DTE_ComparaArco\DTE_ComparaMac\bin\Debug\netcoreapp3.1\ArcoDTE_ComparaConfig.xml
[15-08-2020 21:09:40] TRACE - Get Settings Successed
[15-08-2020 21:09:40] ERROR - El dispositivo no está listo. : 'd:\Users\PC\Desktop\xlsSigge'
[15-08-2020 21:10:57] DEBUG - ======== Inicio Proceso ========
[15-08-2020 21:10:57] TRACE - Get Settings: C:\Users\PC\Source\Repos\ceccuentos\DTE_ComparaArco\DTE_ComparaMac\bin\Debug\netcoreapp3.1\ArcoDTE_ComparaConfig.xml
[15-08-2020 21:10:57] TRACE - Get Settings Successed
[15-08-2020 21:10:57] ERROR - Could not find a part of the path 'c:\Users\PC\Desktopz\xlsSigge'.
[15-08-2020 21:39:10] DEBUG - ======== Inicio Proceso ========
[15-08-2020 21:39:10] TRACE - Get Settings: C:\Users\PC\Source\Repos\ceccuentos\DTE_ComparaArco\DTE_ComparaMac\bin\Debug\netcoreapp3.1\ArcoDTE_ComparaConfig.xml
[15-08-2020 21:39:10] TRACE - Get Settings Successed
[15-08-2020 21:39:10] TRACE - 2 archivos Excel encontrados... 
[15-08-2020 21:39:10] TRACE - Planilla Sigge encontrada: Sociedad Amparo, Periodo 2020-07, archivo Amparo__2020-07
[15-08-2020 21:39:10] TRACE - Llamando Web service Amparo Periodo 2020-06
[15-08-2020 21:39:18] TRACE - Cargando 215 DTE's ...
[15-08-2020 21:39:30] TRACE - Llamada web service Amparo Exitosa Periodo 2020-06
[15-08-2020 21:39:30] TRACE - Llamando Web service Amparo Periodo 2020-07
[15-08-2020 21:39:31] TRACE - Cargando 99 DTE's ...
[15-08-2020 21:39:36] TRACE - Llamada web service Amparo Exitosa Periodo 2020-07
[15-08-2020 21:39:36] TRACE - Llamando Web service Amparo Periodo 2020-08
[15-08-2020 21:39:36] TRACE - Cargando 0 DTE's ...
[15-08-2020 21:39:36] TRACE - Llamada web service Amparo Exitosa Periodo 2020-08
[15-08-2020 21:39:36] TRACE - Leyendo Excel c:\Users\PC\Desktop\xlsSigge\Amparo__2020-07.xls
[15-08-2020 21:39:37] INFO - 97 Registros DTE obtenidos.  3 Sin DTE, 2 encontrados en WS Facele
[15-08-2020 21:39:37] TRACE - Terminado: Moviendo archivo Amparo__2020-07.xls a directorio procesados
[15-08-2020 21:39:37] INFO - Archivo Excel xCodornices__2020-06 - copia (2).xls fue ignorado (no clumple reglas)
[15-08-2020 21:39:51] ERROR - Error al enviar EMail Failure sending mail.
[15-08-2020 21:39:51] INFO - Error al enviar EMail, genera resultado en archivo DTEComparaHtml_2020_8_15.html.
[15-08-2020 21:39:51] TRACE - ======== Fin Proceso ========
[15-08-2020 21:47:39] DEBUG - ======== Inicio Proceso ========
[15-08-2020 21:47:39] TRACE - Get Settings: C:\Users\PC\Source\Repos\ceccuentos\DTE_ComparaArco\DTE_ComparaMac\bin\Debug\netcoreapp3.1\ArcoDTE_ComparaConfig.xml
[15-08-2020 21:47:40] TRACE - Get Settings Successed
[15-08-2020 21:47:40] TRACE - 1 archivos Excel encontrados... 
[15-08-2020 21:47:40] INFO - Archivo Excel xCodornices__2020-06 - copia (2).xls fue ignorado (no clumple reglas)
[15-08-2020 21:47:40] TRACE - ======== Fin Proceso ========
[15-08-2020 21:48:09] DEBUG - ======== Inicio Proceso ========
[15-08-2020 21:48:09] TRACE - Get Settings: C:\Users\PC\Source\Repos\ceccuentos\DTE_ComparaArco\DTE_ComparaMac\bin\Debug\netcoreapp3.1\ArcoDTE_ComparaConfig.xml
[15-08-2020 21:48:09] TRACE - Get Settings Successed
[15-08-2020 21:48:09] TRACE - 2 archivos Excel encontrados... 
[15-08-2020 21:48:09] TRACE - Planilla Sigge encontrada: Sociedad Angela_Solar, Periodo 2020-07, archivo Angela_Solar__2020-07
[15-08-2020 21:48:09] TRACE - Llamando Web service Angela_Solar Periodo 2020-06
[15-08-2020 21:48:11] TRACE - Cargando 107 DTE's ...
[15-08-2020 21:48:19] TRACE - Llamada web service Angela_Solar Exitosa Periodo 2020-06
[15-08-2020 21:48:19] TRACE - Llamando Web service Angela_Solar Periodo 2020-07
[15-08-2020 21:48:19] TRACE - Cargando 98 DTE's ...
[15-08-2020 21:48:25] TRACE - Llamada web service Angela_Solar Exitosa Periodo 2020-07
[15-08-2020 21:48:25] TRACE - Llamando Web service Angela_Solar Periodo 2020-08
[15-08-2020 21:48:26] TRACE - Cargando 0 DTE's ...
[15-08-2020 21:48:26] TRACE - Llamada web service Angela_Solar Exitosa Periodo 2020-08
[15-08-2020 21:48:26] TRACE - Leyendo Excel c:\Users\PC\Desktop\xlsSigge\Angela_Solar__2020-07.xls
[15-08-2020 21:48:26] INFO - 99 Registros DTE obtenidos.  1 Sin DTE, 0 encontrados en WS Facele
[15-08-2020 21:48:26] TRACE - Terminado: Moviendo archivo Angela_Solar__2020-07.xls a directorio procesados
[15-08-2020 21:48:26] INFO - Archivo Excel xCodornices__2020-06 - copia (2).xls fue ignorado (no clumple reglas)
[15-08-2020 21:48:40] ERROR - Error al enviar EMail Failure sending mail.
[15-08-2020 21:48:40] INFO - Error al enviar EMail, genera resultado en archivo DTEComparaHtml_2020_8_152148.html.
[15-08-2020 21:48:40] TRACE - ======== Fin Proceso ========
[15-08-2020 21:49:37] DEBUG - ======== Inicio Proceso ========
[15-08-2020 21:49:37] TRACE - Get Settings: C:\Users\PC\Source\Repos\ceccuentos\DTE_ComparaArco\DTE_ComparaMac\bin\Debug\netcoreapp3.1\ArcoDTE_ComparaConfig.xml
[15-08-2020 21:49:38] TRACE - Get Settings Successed
[15-08-2020 21:49:38] TRACE - 2 archivos Excel encontrados... 
[15-08-2020 21:49:38] TRACE - Planilla Sigge encontrada: Sociedad Angela_Solar, Periodo 2020-07, archivo Angela_Solar__2020-07
[15-08-2020 21:49:38] TRACE - Llamando Web service Angela_Solar Periodo 2020-06
[15-08-2020 21:49:40] TRACE - Cargando 107 DTE's ...
[15-08-2020 21:49:42] TRACE - Llamada web service Angela_Solar Exitosa Periodo 2020-06
[15-08-2020 21:49:42] TRACE - Llamando Web service Angela_Solar Periodo 2020-07
[15-08-2020 21:49:42] TRACE - Cargando 98 DTE's ...
[15-08-2020 21:49:43] TRACE - Llamada web service Angela_Solar Exitosa Periodo 2020-07
[15-08-2020 21:49:43] TRACE - Llamando Web service Angela_Solar Periodo 2020-08
[15-08-2020 21:49:44] TRACE - Cargando 0 DTE's ...
[15-08-2020 21:49:44] TRACE - Llamada web service Angela_Solar Exitosa Periodo 2020-08
[15-08-2020 21:49:44] TRACE - Leyendo Excel c:\Users\PC\Desktop\xlsSigge\Angela_Solar__2020-07.xls
[15-08-2020 21:49:44] INFO - 99 Registros DTE obtenidos.  1 Sin DTE, 0 encontrados en WS Facele
[15-08-2020 21:49:44] TRACE - Terminado: Moviendo archivo Angela_Solar__2020-07.xls a directorio procesados
[15-08-2020 21:49:44] INFO - Archivo Excel xCodornices__2020-06 - copia (2).xls fue ignorado (no clumple reglas)
[15-08-2020 21:49:46] ERROR - Error al enviar EMail Failure sending mail.
[15-08-2020 21:49:46] INFO - Error al enviar EMail, genera resultado en archivo DTEComparaHtml_2020_8_152149.html.
[15-08-2020 21:49:46] TRACE - ======== Fin Proceso ========
[15-08-2020 21:50:26] DEBUG - ======== Inicio Proceso ========
[15-08-2020 21:50:26] TRACE - Get Settings: C:\Users\PC\Source\Repos\ceccuentos\DTE_ComparaArco\DTE_ComparaMac\bin\Debug\netcoreapp3.1\ArcoDTE_ComparaConfig.xml
[15-08-2020 21:50:26] TRACE - Get Settings Successed
[15-08-2020 21:50:26] TRACE - 2 archivos Excel encontrados... 
[15-08-2020 21:50:26] TRACE - Planilla Sigge encontrada: Sociedad Amparo, Periodo 2020-07, archivo Amparo__2020-07
[15-08-2020 21:50:26] TRACE - Llamando Web service Amparo Periodo 2020-06
[15-08-2020 21:50:28] TRACE - Cargando 215 DTE's ...
[15-08-2020 21:50:40] TRACE - Llamada web service Amparo Exitosa Periodo 2020-06
[15-08-2020 21:50:40] TRACE - Llamando Web service Amparo Periodo 2020-07
[15-08-2020 21:50:40] TRACE - Cargando 99 DTE's ...
[15-08-2020 21:50:45] TRACE - Llamada web service Amparo Exitosa Periodo 2020-07
[15-08-2020 21:50:45] TRACE - Llamando Web service Amparo Periodo 2020-08
[15-08-2020 21:50:45] TRACE - Cargando 0 DTE's ...
[15-08-2020 21:50:45] TRACE - Llamada web service Amparo Exitosa Periodo 2020-08
[15-08-2020 21:50:45] TRACE - Leyendo Excel c:\Users\PC\Desktop\xlsSigge\Amparo__2020-07.xls
[15-08-2020 21:50:45] INFO - 97 Registros DTE obtenidos.  3 Sin DTE, 2 encontrados en WS Facele
[15-08-2020 21:50:45] TRACE - Terminado: Moviendo archivo Amparo__2020-07.xls a directorio procesados
[15-08-2020 21:50:45] INFO - Archivo Excel xCodornices__2020-06 - copia (2).xls fue ignorado (no clumple reglas)
[15-08-2020 21:50:48] ERROR - Error al enviar EMail Failure sending mail.
[15-08-2020 21:50:48] INFO - Error al enviar EMail, genera resultado en archivo DTEComparaHtml_2020_8_152150.html.
[15-08-2020 21:50:48] TRACE - ======== Fin Proceso ========
[15-08-2020 21:50:57] DEBUG - ======== Inicio Proceso ========
[15-08-2020 21:50:57] TRACE - Get Settings: C:\Users\PC\Source\Repos\ceccuentos\DTE_ComparaArco\DTE_ComparaMac\bin\Debug\netcoreapp3.1\ArcoDTE_ComparaConfig.xml
[15-08-2020 21:50:57] TRACE - Get Settings Successed
[15-08-2020 21:50:57] TRACE - 2 archivos Excel encontrados... 
[15-08-2020 21:50:57] TRACE - Planilla Sigge encontrada: Sociedad Amparo, Periodo 2020-07, archivo Amparo__2020-07
[15-08-2020 21:50:57] TRACE - Llamando Web service Amparo Periodo 2020-06
[15-08-2020 21:51:00] TRACE - Cargando 215 DTE's ...
[15-08-2020 21:51:02] TRACE - Llamada web service Amparo Exitosa Periodo 2020-06
[15-08-2020 21:51:02] TRACE - Llamando Web service Amparo Periodo 2020-07
[15-08-2020 21:51:03] TRACE - Cargando 99 DTE's ...
[15-08-2020 21:51:03] TRACE - Llamada web service Amparo Exitosa Periodo 2020-07
[15-08-2020 21:51:03] TRACE - Llamando Web service Amparo Periodo 2020-08
[15-08-2020 21:51:04] TRACE - Cargando 0 DTE's ...
[15-08-2020 21:51:04] TRACE - Llamada web service Amparo Exitosa Periodo 2020-08
[15-08-2020 21:51:04] TRACE - Leyendo Excel c:\Users\PC\Desktop\xlsSigge\Amparo__2020-07.xls
[15-08-2020 21:51:04] INFO - 97 Registros DTE obtenidos.  3 Sin DTE, 2 encontrados en WS Facele
[15-08-2020 21:51:04] TRACE - Terminado: Moviendo archivo Amparo__2020-07.xls a directorio procesados
[15-08-2020 21:51:04] INFO - Archivo Excel xCodornices__2020-06 - copia (2).xls fue ignorado (no clumple reglas)
[15-08-2020 21:51:06] ERROR - Error al enviar EMail Failure sending mail.
[15-08-2020 21:51:06] INFO - Error al enviar EMail, genera resultado en archivo DTEComparaHtml_2020_8_152151.html.
[15-08-2020 21:51:06] TRACE - ======== Fin Proceso ========
